app/build/outputs/logs/manifest-merger-debug-report.txt
-- Merging decision tree log ---
manifest
ADDED from src\main\AndroidManifest.xml:2:1-57:12
INJECTED from src\main\AndroidManifest.xml:2:1-57:12
INJECTED from src\main\AndroidManifest.xml:2:1-57:12
INJECTED from src\main\AndroidManifest.xml:2:1-57:12
MERGED from [androidx.legacy:legacy-support-v4:1.0.0] AndroidManifest.xml:17:1-22:12
MERGED from [com.google.android.material:material:1.0.0] AndroidManifest.xml:17:1-24:12
MERGED from [com.airbnb.android:lottie:3.1.0] AndroidManifest.xml:2:1-11:12
MERGED from [androidx.appcompat:appcompat:1.0.0] AndroidManifest.xml:17:1-22:12
MERGED from [androidx.constraintlayout:constraintlayout:1.1.3] AndroidManifest.xml:2:1-11:12
MERGED from [androidx.cardview:cardview:1.0.0] AndroidManifest.xml:17:1-22:12
MERGED from [androidx.gridlayout:gridlayout:1.0.0] AndroidManifest.xml:17:1-22:12
MERGED from [com.github.f0ris.sweetalert:library:1.6.2] AndroidManifest.xml:2:1-13:12
MERGED from [androidx.recyclerview:recyclerview:1.0.0] AndroidManifest.xml:17:1-22:12
MERGED from [com.mapbox.mapboxsdk:mapbox-android-sdk:8.4.0] AndroidManifest.xml:2:1-20:12
MERGED from [androidx.fragment:fragment:1.0.0] AndroidManifest.xml:17:1-22:12
MERGED from [androidx.vectordrawable:vectordrawable-animated:1.0.0] AndroidManifest.xml:17:1-22:12
MERGED from [androidx.legacy:legacy-support-core-ui:1.0.0] AndroidManifest.xml:17:1-22:12
MERGED from [androidx.swiperefreshlayout:swiperefreshlayout:1.1.0-alpha03] AndroidManifest.xml:17:1-24:12
MERGED from [com.mapbox.mapboxsdk:mapbox-android-telemetry:4.5.1] AndroidManifest.xml:2:1-30:12
MERGED from [androidx.media:media:1.0.0] AndroidManifest.xml:17:1-22:12
MERGED from [androidx.legacy:legacy-support-core-utils:1.0.0] AndroidManifest.xml:17:1-22:12
MERGED from [androidx.vectordrawable:vectordrawable:1.0.0] AndroidManifest.xml:17:1-22:12
MERGED from [androidx.transition:transition:1.0.0] AndroidManifest.xml:17:1-22:12
MERGED from [androidx.loader:loader:1.0.0] AndroidManifest.xml:17:1-22:12
MERGED from [androidx.viewpager:viewpager:1.0.0] AndroidManifest.xml:17:1-22:12
MERGED from [androidx.coordinatorlayout:coordinatorlayout:1.0.0] AndroidManifest.xml:17:1-22:12
MERGED from [androidx.drawerlayout:drawerlayout:1.0.0] AndroidManifest.xml:17:1-22:12
MERGED from [androidx.slidingpanelayout:slidingpanelayout:1.0.0] AndroidManifest.xml:17:1-22:12
MERGED from [androidx.customview:customview:1.0.0] AndroidManifest.xml:17:1-22:12
MERGED from [androidx.asynclayoutinflater:asynclayoutinflater:1.0.0] AndroidManifest.xml:17:1-22:12
MERGED from [com.mapbox.mapboxsdk:mapbox-android-gestures:0.5.1] AndroidManifest.xml:2:1-11:12
MERGED from [androidx.core:core:1.1.0] AndroidManifest.xml:17:1-26:12
MERGED from [androidx.versionedparcelable:versionedparcelable:1.1.0] AndroidManifest.xml:17:1-27:12
MERGED from [androidx.cursoradapter:cursoradapter:1.0.0] AndroidManifest.xml:17:1-22:12
MERGED from [androidx.interpolator:interpolator:1.0.0] AndroidManifest.xml:17:1-22:12
MERGED from [androidx.documentfile:documentfile:1.0.0] AndroidManifest.xml:17:1-22:12
MERGED from [androidx.localbroadcastmanager:localbroadcastmanager:1.0.0] AndroidManifest.xml:17:1-22:12
MERGED from [androidx.print:print:1.0.0] AndroidManifest.xml:17:1-22:12
MERGED from [androidx.lifecycle:lifecycle-viewmodel:2.0.0] AndroidManifest.xml:17:1-22:12
MERGED from [androidx.lifecycle:lifecycle-runtime:2.0.0] AndroidManifest.xml:17:1-22:12
MERGED from [androidx.lifecycle:lifecycle-livedata:2.0.0] AndroidManifest.xml:17:1-22:12
MERGED from [androidx.lifecycle:lifecycle-livedata-core:2.0.0] AndroidManifest.xml:17:1-22:12
MERGED from [androidx.arch.core:core-runtime:2.0.0] AndroidManifest.xml:17:1-22:12
MERGED from [com.mapbox.mapboxsdk:mapbox-android-accounts:0.2.0] AndroidManifest.xml:2:1-9:12
MERGED from [com.pnikosis:materialish-progress:1.7] AndroidManifest.xml:2:1-13:12
MERGED from [com.facebook.soloader:soloader:0.6.1] AndroidManifest.xml:2:1-13:12
MERGED from [com.mapbox.mapboxsdk:mapbox-android-core:1.3.0] AndroidManifest.xml:2:1-14:12
INJECTED from src\main\AndroidManifest.xml:2:1-57:12
INJECTED from src\main\AndroidManifest.xml:2:1-57:12
INJECTED from src\main\AndroidManifest.xml:2:1-57:12
	package
		ADDED from src\main\AndroidManifest.xml:4:5-44
		INJECTED from src\main\AndroidManifest.xml
		INJECTED from src\main\AndroidManifest.xml
	android:versionName
		ADDED from src\main\AndroidManifest.xml:6:5-30
		INJECTED from src\main\AndroidManifest.xml
		INJECTED from src\main\AndroidManifest.xml
	xmlns:tools
		ADDED from src\main\AndroidManifest.xml:3:5-51
	xmlns:android
		ADDED from src\main\AndroidManifest.xml:2:11-69
	android:versionCode
		ADDED from src\main\AndroidManifest.xml:5:5-28
		INJECTED from src\main\AndroidManifest.xml
		INJECTED from src\main\AndroidManifest.xml
uses-permission#android.permission.ACCESS_COARSE_LOCATION
ADDED from src\main\AndroidManifest.xml:8:5-81
	android:name
		ADDED from src\main\AndroidManifest.xml:8:22-78
uses-permission#android.permission.ACCESS_WIFI_STATE
ADDED from src\main\AndroidManifest.xml:9:5-76
MERGED from [com.mapbox.mapboxsdk:mapbox-android-sdk:8.4.0] AndroidManifest.xml:18:5-76
MERGED from [com.mapbox.mapboxsdk:mapbox-android-sdk:8.4.0] AndroidManifest.xml:18:5-76
MERGED from [com.mapbox.mapboxsdk:mapbox-android-telemetry:4.5.1] AndroidManifest.xml:15:5-76
MERGED from [com.mapbox.mapboxsdk:mapbox-android-telemetry:4.5.1] AndroidManifest.xml:15:5-76
	android:name
		ADDED from src\main\AndroidManifest.xml:9:22-73
uses-permission#android.permission.CHANGE_WIFI_STATE
ADDED from src\main\AndroidManifest.xml:10:5-76
	android:name
		ADDED from src\main\AndroidManifest.xml:10:22-73
uses-permission#android.permission.INTERNET
ADDED from src\main\AndroidManifest.xml:11:5-67
MERGED from [com.mapbox.mapboxsdk:mapbox-android-sdk:8.4.0] AndroidManifest.xml:16:5-67
MERGED from [com.mapbox.mapboxsdk:mapbox-android-sdk:8.4.0] AndroidManifest.xml:16:5-67
MERGED from [com.mapbox.mapboxsdk:mapbox-android-telemetry:4.5.1] AndroidManifest.xml:16:5-67
MERGED from [com.mapbox.mapboxsdk:mapbox-android-telemetry:4.5.1] AndroidManifest.xml:16:5-67
	android:name
		ADDED from src\main\AndroidManifest.xml:11:22-64
uses-permission#android.permission.ACCESS_FINE_LOCATION
ADDED from src\main\AndroidManifest.xml:12:5-79
MERGED from [com.mapbox.mapboxsdk:mapbox-android-telemetry:4.5.1] AndroidManifest.xml:13:5-79
MERGED from [com.mapbox.mapboxsdk:mapbox-android-telemetry:4.5.1] AndroidManifest.xml:13:5-79
MERGED from [com.mapbox.mapboxsdk:mapbox-android-core:1.3.0] AndroidManifest.xml:11:5-79
MERGED from [com.mapbox.mapboxsdk:mapbox-android-core:1.3.0] AndroidManifest.xml:11:5-79
	android:name
		ADDED from src\main\AndroidManifest.xml:12:22-76
application
ADDED from src\main\AndroidManifest.xml:14:5-55:19
MERGED from [com.google.android.material:material:1.0.0] AndroidManifest.xml:22:5-20
MERGED from [com.google.android.material:material:1.0.0] AndroidManifest.xml:22:5-20
MERGED from [com.airbnb.android:lottie:3.1.0] AndroidManifest.xml:9:5-20
MERGED from [com.airbnb.android:lottie:3.1.0] AndroidManifest.xml:9:5-20
MERGED from [androidx.constraintlayout:constraintlayout:1.1.3] AndroidManifest.xml:9:5-20
MERGED from [androidx.constraintlayout:constraintlayout:1.1.3] AndroidManifest.xml:9:5-20
MERGED from [com.github.f0ris.sweetalert:library:1.6.2] AndroidManifest.xml:11:5-20
MERGED from [com.github.f0ris.sweetalert:library:1.6.2] AndroidManifest.xml:11:5-20
MERGED from [com.mapbox.mapboxsdk:mapbox-android-telemetry:4.5.1] AndroidManifest.xml:18:5-28:19
MERGED from [com.mapbox.mapboxsdk:mapbox-android-telemetry:4.5.1] AndroidManifest.xml:18:5-28:19
MERGED from [androidx.core:core:1.1.0] AndroidManifest.xml:24:5-89
MERGED from [androidx.core:core:1.1.0] AndroidManifest.xml:24:5-89
MERGED from [androidx.versionedparcelable:versionedparcelable:1.1.0] AndroidManifest.xml:24:5-25:19
MERGED from [androidx.versionedparcelable:versionedparcelable:1.1.0] AndroidManifest.xml:24:5-25:19
MERGED from [com.pnikosis:materialish-progress:1.7] AndroidManifest.xml:11:5-20
MERGED from [com.pnikosis:materialish-progress:1.7] AndroidManifest.xml:11:5-20
MERGED from [com.facebook.soloader:soloader:0.6.1] AndroidManifest.xml:11:5-20
MERGED from [com.facebook.soloader:soloader:0.6.1] AndroidManifest.xml:11:5-20
	android:appComponentFactory
		ADDED from [androidx.core:core:1.1.0] AndroidManifest.xml:24:18-86
	android:label
		ADDED from src\main\AndroidManifest.xml:17:9-41
	android:roundIcon
		ADDED from src\main\AndroidManifest.xml:18:9-52
	android:icon
		ADDED from src\main\AndroidManifest.xml:16:9-41
	android:allowBackup
		ADDED from src\main\AndroidManifest.xml:15:9-35
	android:theme
		ADDED from src\main\AndroidManifest.xml:19:9-40
activity#com.example.indoorpositioning.IndoorMapsActivity
ADDED from src\main\AndroidManifest.xml:20:9-23:60
	android:label
		ADDED from src\main\AndroidManifest.xml:22:13-44
	android:theme
		ADDED from src\main\AndroidManifest.xml:23:13-48
	android:name
		ADDED from src\main\AndroidManifest.xml:21:13-47
activity#com.example.indoorpositioning.Activity.Scan
ADDED from src\main\AndroidManifest.xml:24:9-27:60
	android:label
		ADDED from src\main\AndroidManifest.xml:26:13-33
	android:theme
		ADDED from src\main\AndroidManifest.xml:27:13-48
	android:name
		ADDED from src\main\AndroidManifest.xml:25:13-42
activity#com.example.indoorpositioning.Activity.Positions
ADDED from src\main\AndroidManifest.xml:28:9-31:60
	android:label
		ADDED from src\main\AndroidManifest.xml:30:13-38
	android:theme
		ADDED from src\main\AndroidManifest.xml:31:13-48
	android:name
		ADDED from src\main\AndroidManifest.xml:29:13-47
activity#com.example.indoorpositioning.Activity.Buildings
ADDED from src\main\AndroidManifest.xml:32:9-35:60
	android:label
		ADDED from src\main\AndroidManifest.xml:34:13-38
	android:theme
		ADDED from src\main\AndroidManifest.xml:35:13-48
	android:name
		ADDED from src\main\AndroidManifest.xml:33:13-47
activity#com.example.indoorpositioning.Activity.StartingScreen
ADDED from src\main\AndroidManifest.xml:36:9-45:20
	android:label
		ADDED from src\main\AndroidManifest.xml:38:13-45
	android:theme
		ADDED from src\main\AndroidManifest.xml:39:13-48
	android:name
		ADDED from src\main\AndroidManifest.xml:37:13-52
intent-filter#action:name:android.intent.action.MAIN+category:name:android.intent.category.LAUNCHER
ADDED from src\main\AndroidManifest.xml:40:13-44:29
action#android.intent.action.MAIN
ADDED from src\main\AndroidManifest.xml:41:17-69
	android:name
		ADDED from src\main\AndroidManifest.xml:41:25-66
category#android.intent.category.LAUNCHER
ADDED from src\main\AndroidManifest.xml:43:17-77
	android:name
		ADDED from src\main\AndroidManifest.xml:43:27-74
activity#com.example.indoorpositioning.Activity.Locate
ADDED from src\main\AndroidManifest.xml:46:9-49:60
	android:label
		ADDED from src\main\AndroidManifest.xml:48:13-35
	android:theme
		ADDED from src\main\AndroidManifest.xml:49:13-48
	android:name
		ADDED from src\main\AndroidManifest.xml:47:13-44
activity#com.example.indoorpositioning.Activity.FriendlyWifis
ADDED from src\main\AndroidManifest.xml:50:9-53:60
	android:label
		ADDED from src\main\AndroidManifest.xml:52:13-50
	android:theme
		ADDED from src\main\AndroidManifest.xml:53:13-48
	android:name
		ADDED from src\main\AndroidManifest.xml:51:13-51
activity#com.example.indoorpositioning.BaseActivity
ADDED from src\main\AndroidManifest.xml:54:9-50
	android:name
		ADDED from src\main\AndroidManifest.xml:54:19-47
uses-sdk
INJECTED from src\main\AndroidManifest.xml reason: use-sdk injection requested
INJECTED from src\main\AndroidManifest.xml
INJECTED from src\main\AndroidManifest.xml
MERGED from [androidx.legacy:legacy-support-v4:1.0.0] AndroidManifest.xml:20:5-44
MERGED from [androidx.legacy:legacy-support-v4:1.0.0] AndroidManifest.xml:20:5-44
MERGED from [com.google.android.material:material:1.0.0] AndroidManifest.xml:20:5-44
MERGED from [com.google.android.material:material:1.0.0] AndroidManifest.xml:20:5-44
MERGED from [com.airbnb.android:lottie:3.1.0] AndroidManifest.xml:5:5-7:41
MERGED from [com.airbnb.android:lottie:3.1.0] AndroidManifest.xml:5:5-7:41
MERGED from [androidx.appcompat:appcompat:1.0.0] AndroidManifest.xml:20:5-44
MERGED from [androidx.appcompat:appcompat:1.0.0] AndroidManifest.xml:20:5-44
MERGED from [androidx.constraintlayout:constraintlayout:1.1.3] AndroidManifest.xml:5:5-7:41
MERGED from [androidx.constraintlayout:constraintlayout:1.1.3] AndroidManifest.xml:5:5-7:41
MERGED from [androidx.cardview:cardview:1.0.0] AndroidManifest.xml:20:5-44
MERGED from [androidx.cardview:cardview:1.0.0] AndroidManifest.xml:20:5-44
MERGED from [androidx.gridlayout:gridlayout:1.0.0] AndroidManifest.xml:20:5-44
MERGED from [androidx.gridlayout:gridlayout:1.0.0] AndroidManifest.xml:20:5-44
MERGED from [com.github.f0ris.sweetalert:library:1.6.2] AndroidManifest.xml:7:5-9:41
MERGED from [com.github.f0ris.sweetalert:library:1.6.2] AndroidManifest.xml:7:5-9:41
MERGED from [androidx.recyclerview:recyclerview:1.0.0] AndroidManifest.xml:20:5-44
MERGED from [androidx.recyclerview:recyclerview:1.0.0] AndroidManifest.xml:20:5-44
MERGED from [com.mapbox.mapboxsdk:mapbox-android-sdk:8.4.0] AndroidManifest.xml:5:5-7:41
MERGED from [com.mapbox.mapboxsdk:mapbox-android-sdk:8.4.0] AndroidManifest.xml:5:5-7:41
MERGED from [androidx.fragment:fragment:1.0.0] AndroidManifest.xml:20:5-44
MERGED from [androidx.fragment:fragment:1.0.0] AndroidManifest.xml:20:5-44
MERGED from [androidx.vectordrawable:vectordrawable-animated:1.0.0] AndroidManifest.xml:20:5-44
MERGED from [androidx.vectordrawable:vectordrawable-animated:1.0.0] AndroidManifest.xml:20:5-44
MERGED from [androidx.legacy:legacy-support-core-ui:1.0.0] AndroidManifest.xml:20:5-44
MERGED from [androidx.legacy:legacy-support-core-ui:1.0.0] AndroidManifest.xml:20:5-44
MERGED from [androidx.swiperefreshlayout:swiperefreshlayout:1.1.0-alpha03] AndroidManifest.xml:20:5-22:41
MERGED from [androidx.swiperefreshlayout:swiperefreshlayout:1.1.0-alpha03] AndroidManifest.xml:20:5-22:41
MERGED from [com.mapbox.mapboxsdk:mapbox-android-telemetry:4.5.1] AndroidManifest.xml:7:5-9:41
MERGED from [com.mapbox.mapboxsdk:mapbox-android-telemetry:4.5.1] AndroidManifest.xml:7:5-9:41
MERGED from [androidx.media:media:1.0.0] AndroidManifest.xml:20:5-44
MERGED from [androidx.media:media:1.0.0] AndroidManifest.xml:20:5-44
MERGED from [androidx.legacy:legacy-support-core-utils:1.0.0] AndroidManifest.xml:20:5-44
MERGED from [androidx.legacy:legacy-support-core-utils:1.0.0] AndroidManifest.xml:20:5-44
MERGED from [androidx.vectordrawable:vectordrawable:1.0.0] AndroidManifest.xml:20:5-44
MERGED from [androidx.vectordrawable:vectordrawable:1.0.0] AndroidManifest.xml:20:5-44
MERGED from [androidx.transition:transition:1.0.0] AndroidManifest.xml:20:5-44
MERGED from [androidx.transition:transition:1.0.0] AndroidManifest.xml:20:5-44
MERGED from [androidx.loader:loader:1.0.0] AndroidManifest.xml:20:5-44
MERGED from [androidx.loader:loader:1.0.0] AndroidManifest.xml:20:5-44
MERGED from [androidx.viewpager:viewpager:1.0.0] AndroidManifest.xml:20:5-44
MERGED from [androidx.viewpager:viewpager:1.0.0] AndroidManifest.xml:20:5-44
MERGED from [androidx.coordinatorlayout:coordinatorlayout:1.0.0] AndroidManifest.xml:20:5-44
MERGED from [androidx.coordinatorlayout:coordinatorlayout:1.0.0] AndroidManifest.xml:20:5-44
MERGED from [androidx.drawerlayout:drawerlayout:1.0.0] AndroidManifest.xml:20:5-44
MERGED from [androidx.drawerlayout:drawerlayout:1.0.0] AndroidManifest.xml:20:5-44
MERGED from [androidx.slidingpanelayout:slidingpanelayout:1.0.0] AndroidManifest.xml:20:5-44
MERGED from [androidx.slidingpanelayout:slidingpanelayout:1.0.0] AndroidManifest.xml:20:5-44
MERGED from [androidx.customview:customview:1.0.0] AndroidManifest.xml:20:5-44
MERGED from [androidx.customview:customview:1.0.0] AndroidManifest.xml:20:5-44
MERGED from [androidx.asynclayoutinflater:asynclayoutinflater:1.0.0] AndroidManifest.xml:20:5-44
MERGED from [androidx.asynclayoutinflater:asynclayoutinflater:1.0.0] AndroidManifest.xml:20:5-44
MERGED from [com.mapbox.mapboxsdk:mapbox-android-gestures:0.5.1] AndroidManifest.xml:7:5-9:41
MERGED from [com.mapbox.mapboxsdk:mapbox-android-gestures:0.5.1] AndroidManifest.xml:7:5-9:41
MERGED from [androidx.core:core:1.1.0] AndroidManifest.xml:20:5-22:41
MERGED from [androidx.core:core:1.1.0] AndroidManifest.xml:20:5-22:41
MERGED from [androidx.versionedparcelable:versionedparcelable:1.1.0] AndroidManifest.xml:20:5-22:41
MERGED from [androidx.versionedparcelable:versionedparcelable:1.1.0] AndroidManifest.xml:20:5-22:41
MERGED from [androidx.cursoradapter:cursoradapter:1.0.0] AndroidManifest.xml:20:5-44
MERGED from [androidx.cursoradapter:cursoradapter:1.0.0] AndroidManifest.xml:20:5-44
MERGED from [androidx.interpolator:interpolator:1.0.0] AndroidManifest.xml:20:5-44
MERGED from [androidx.interpolator:interpolator:1.0.0] AndroidManifest.xml:20:5-44
MERGED from [androidx.documentfile:documentfile:1.0.0] AndroidManifest.xml:20:5-44
MERGED from [androidx.documentfile:documentfile:1.0.0] AndroidManifest.xml:20:5-44
MERGED from [androidx.localbroadcastmanager:localbroadcastmanager:1.0.0] AndroidManifest.xml:20:5-44
MERGED from [androidx.localbroadcastmanager:localbroadcastmanager:1.0.0] AndroidManifest.xml:20:5-44
MERGED from [androidx.print:print:1.0.0] AndroidManifest.xml:20:5-44
MERGED from [androidx.print:print:1.0.0] AndroidManifest.xml:20:5-44
MERGED from [androidx.lifecycle:lifecycle-viewmodel:2.0.0] AndroidManifest.xml:20:5-44
MERGED from [androidx.lifecycle:lifecycle-viewmodel:2.0.0] AndroidManifest.xml:20:5-44
MERGED from [androidx.lifecycle:lifecycle-runtime:2.0.0] AndroidManifest.xml:20:5-44
MERGED from [androidx.lifecycle:lifecycle-runtime:2.0.0] AndroidManifest.xml:20:5-44
MERGED from [androidx.lifecycle:lifecycle-livedata:2.0.0] AndroidManifest.xml:20:5-44
MERGED from [androidx.lifecycle:lifecycle-livedata:2.0.0] AndroidManifest.xml:20:5-44
MERGED from [androidx.lifecycle:lifecycle-livedata-core:2.0.0] AndroidManifest.xml:20:5-44
MERGED from [androidx.lifecycle:lifecycle-livedata-core:2.0.0] AndroidManifest.xml:20:5-44
MERGED from [androidx.arch.core:core-runtime:2.0.0] AndroidManifest.xml:20:5-44
MERGED from [androidx.arch.core:core-runtime:2.0.0] AndroidManifest.xml:20:5-44
MERGED from [com.mapbox.mapboxsdk:mapbox-android-accounts:0.2.0] AndroidManifest.xml:5:5-7:41
MERGED from [com.mapbox.mapboxsdk:mapbox-android-accounts:0.2.0] AndroidManifest.xml:5:5-7:41
MERGED from [com.pnikosis:materialish-progress:1.7] AndroidManifest.xml:7:5-9:41
MERGED from [com.pnikosis:materialish-progress:1.7] AndroidManifest.xml:7:5-9:41
MERGED from [com.facebook.soloader:soloader:0.6.1] AndroidManifest.xml:7:5-9:41
MERGED from [com.facebook.soloader:soloader:0.6.1] AndroidManifest.xml:7:5-9:41
MERGED from [com.mapbox.mapboxsdk:mapbox-android-core:1.3.0] AndroidManifest.xml:7:5-9:41
MERGED from [com.mapbox.mapboxsdk:mapbox-android-core:1.3.0] AndroidManifest.xml:7:5-9:41
INJECTED from src\main\AndroidManifest.xml
INJECTED from src\main\AndroidManifest.xml
	android:targetSdkVersion
		INJECTED from src\main\AndroidManifest.xml
		ADDED from src\main\AndroidManifest.xml
		INJECTED from src\main\AndroidManifest.xml
	android:minSdkVersion
		INJECTED from src\main\AndroidManifest.xml
		ADDED from src\main\AndroidManifest.xml
		INJECTED from src\main\AndroidManifest.xml
uses-feature#0x00020000
ADDED from [com.mapbox.mapboxsdk:mapbox-android-sdk:8.4.0] AndroidManifest.xml:9:5-11:35
	android:glEsVersion
		ADDED from [com.mapbox.mapboxsdk:mapbox-android-sdk:8.4.0] AndroidManifest.xml:10:9-41
	android:required
		ADDED from [com.mapbox.mapboxsdk:mapbox-android-sdk:8.4.0] AndroidManifest.xml:11:9-32
uses-feature#android.hardware.wifi
ADDED from [com.mapbox.mapboxsdk:mapbox-android-sdk:8.4.0] AndroidManifest.xml:12:5-14:36
	android:required
		ADDED from [com.mapbox.mapboxsdk:mapbox-android-sdk:8.4.0] AndroidManifest.xml:14:9-33
	android:name
		ADDED from [com.mapbox.mapboxsdk:mapbox-android-sdk:8.4.0] AndroidManifest.xml:13:9-45
uses-permission#android.permission.ACCESS_NETWORK_STATE
ADDED from [com.mapbox.mapboxsdk:mapbox-android-sdk:8.4.0] AndroidManifest.xml:17:5-79
MERGED from [com.mapbox.mapboxsdk:mapbox-android-telemetry:4.5.1] AndroidManifest.xml:14:5-79
MERGED from [com.mapbox.mapboxsdk:mapbox-android-telemetry:4.5.1] AndroidManifest.xml:14:5-79
MERGED from [com.mapbox.mapboxsdk:mapbox-android-core:1.3.0] AndroidManifest.xml:12:5-79
MERGED from [com.mapbox.mapboxsdk:mapbox-android-core:1.3.0] AndroidManifest.xml:12:5-79
	android:name
		ADDED from [com.mapbox.mapboxsdk:mapbox-android-sdk:8.4.0] AndroidManifest.xml:17:22-76
uses-permission#android.permission.WAKE_LOCK
ADDED from [com.mapbox.mapboxsdk:mapbox-android-telemetry:4.5.1] AndroidManifest.xml:12:5-68
	android:name
		ADDED from [com.mapbox.mapboxsdk:mapbox-android-telemetry:4.5.1] AndroidManifest.xml:12:22-65
provider#com.mapbox.android.telemetry.provider.MapboxTelemetryInitProvider
ADDED from [com.mapbox.mapboxsdk:mapbox-android-telemetry:4.5.1] AndroidManifest.xml:19:9-23:39
	android:authorities
		ADDED from [com.mapbox.mapboxsdk:mapbox-android-telemetry:4.5.1] AndroidManifest.xml:21:13-79
	android:exported
		ADDED from [com.mapbox.mapboxsdk:mapbox-android-telemetry:4.5.1] AndroidManifest.xml:22:13-37
	android:initOrder
		ADDED from [com.mapbox.mapboxsdk:mapbox-android-telemetry:4.5.1] AndroidManifest.xml:23:13-36
	android:name
		ADDED from [com.mapbox.mapboxsdk:mapbox-android-telemetry:4.5.1] AndroidManifest.xml:20:13-93
service#com.mapbox.android.telemetry.crash.CrashReporterJobIntentService
ADDED from [com.mapbox.mapboxsdk:mapbox-android-telemetry:4.5.1] AndroidManifest.xml:25:9-27:72
	android:permission
		ADDED from [com.mapbox.mapboxsdk:mapbox-android-telemetry:4.5.1] AndroidManifest.xml:27:13-69
	android:name
		ADDED from [com.mapbox.mapboxsdk:mapbox-android-telemetry:4.5.1] AndroidManifest.xml:26:13-92